c:\users\notwe\source\repos\platformer\debug\vc141.pdb
c:\users\notwe\source\repos\platformer\debug\vc141.idb
c:\users\notwe\source\repos\platformer\debug\util.obj
c:\users\notwe\source\repos\platformer\debug\shaderprogram.obj
c:\users\notwe\source\repos\platformer\debug\scene.obj
c:\users\notwe\source\repos\platformer\debug\menu.obj
c:\users\notwe\source\repos\platformer\debug\map.obj
c:\users\notwe\source\repos\platformer\debug\main.obj
c:\users\notwe\source\repos\platformer\debug\level3.obj
c:\users\notwe\source\repos\platformer\debug\level2.obj
c:\users\notwe\source\repos\platformer\debug\level1.obj
c:\users\notwe\source\repos\platformer\debug\entity.obj
c:\users\notwe\documents\nyu\cs-uy 3113\gameprogramming\platformer\debug\vc141.pdb
c:\users\notwe\documents\nyu\cs-uy 3113\gameprogramming\platformer\debug\vc141.idb
c:\users\notwe\documents\nyu\cs-uy 3113\gameprogramming\platformer\debug\util.obj
c:\users\notwe\documents\nyu\cs-uy 3113\gameprogramming\platformer\debug\shaderprogram.obj
c:\users\notwe\documents\nyu\cs-uy 3113\gameprogramming\platformer\debug\scene.obj
c:\users\notwe\documents\nyu\cs-uy 3113\gameprogramming\platformer\debug\menu.obj
c:\users\notwe\documents\nyu\cs-uy 3113\gameprogramming\platformer\debug\map.obj
c:\users\notwe\documents\nyu\cs-uy 3113\gameprogramming\platformer\debug\main.obj
c:\users\notwe\documents\nyu\cs-uy 3113\gameprogramming\platformer\debug\level3.obj
c:\users\notwe\documents\nyu\cs-uy 3113\gameprogramming\platformer\debug\level2.obj
c:\users\notwe\documents\nyu\cs-uy 3113\gameprogramming\platformer\debug\level1.obj
c:\users\notwe\documents\nyu\cs-uy 3113\gameprogramming\platformer\debug\entity.obj
c:\users\notwe\source\repos\platformer\debug\platformer.exe
c:\users\notwe\source\repos\platformer\debug\platformer.ilk
c:\users\notwe\source\repos\platformer\debug\platformer.pdb
c:\users\notwe\documents\nyu\cs-uy 3113\gameprogramming\platformer\debug\platformer.ilk
c:\users\notwe\documents\nyu\cs-uy 3113\gameprogramming\platformer\debug\platformer.exe
c:\users\notwe\documents\nyu\cs-uy 3113\gameprogramming\platformer\debug\platformer.pdb
c:\users\notwe\documents\nyu\cs-uy 3113\gameprogramming\platformer\debug\platformer.tlog\cl.command.1.tlog
c:\users\notwe\documents\nyu\cs-uy 3113\gameprogramming\platformer\debug\platformer.tlog\cl.read.1.tlog
c:\users\notwe\documents\nyu\cs-uy 3113\gameprogramming\platformer\debug\platformer.tlog\cl.write.1.tlog
c:\users\notwe\documents\nyu\cs-uy 3113\gameprogramming\platformer\debug\platformer.tlog\link.command.1.tlog
c:\users\notwe\documents\nyu\cs-uy 3113\gameprogramming\platformer\debug\platformer.tlog\link.read.1.tlog
c:\users\notwe\documents\nyu\cs-uy 3113\gameprogramming\platformer\debug\platformer.tlog\link.write.1.tlog
